C:\Program Files (x86)\Microsoft Visual Studio\2017\Community\Common7\IDE\VC\VCTargets\Microsoft.CppBuild.targets(391,5): warning MSB8028: The intermediate directory (obj\Debug\) contains files shared from another project (openFrameworksApp11.vcxproj).  This can lead to incorrect clean and rebuild behavior.
  Path.cpp
  main.cpp
  ofApp.cpp
c:\users\andris\source\repos\grassbladerelativity\grassbladerelativity\src\paper\curve.h(13): warning C4305: 'initializing': truncation from 'double' to 'const float' (compiling source file src\Paper\Path.cpp)
c:\users\andris\documents\of_v0.10.0_vs2017_release\libs\openframeworks\math\ofmatrix4x4.h(326): warning C4267: 'argument': conversion from 'size_t' to 'int', possible loss of data (compiling source file src\ofApp.cpp)
c:\users\andris\documents\of_v0.10.0_vs2017_release\libs\openframeworks\math\ofmatrix4x4.h(331): warning C4267: 'argument': conversion from 'size_t' to 'int', possible loss of data (compiling source file src\ofApp.cpp)
c:\users\andris\documents\of_v0.10.0_vs2017_release\libs\openframeworks\math\ofmatrix4x4.h(912): warning C4267: 'argument': conversion from 'size_t' to 'int', possible loss of data (compiling source file src\ofApp.cpp)
c:\users\andris\documents\of_v0.10.0_vs2017_release\libs\openframeworks\math\ofmatrix4x4.h(913): warning C4267: 'argument': conversion from 'size_t' to 'int', possible loss of data (compiling source file src\ofApp.cpp)
c:\users\andris\documents\of_v0.10.0_vs2017_release\libs\openframeworks\math\ofmatrix4x4.h(914): warning C4267: 'argument': conversion from 'size_t' to 'int', possible loss of data (compiling source file src\ofApp.cpp)
c:\users\andris\documents\of_v0.10.0_vs2017_release\libs\openframeworks\math\ofmatrix4x4.h(915): warning C4267: 'argument': conversion from 'size_t' to 'int', possible loss of data (compiling source file src\ofApp.cpp)
c:\users\andris\documents\of_v0.10.0_vs2017_release\libs\openframeworks\math\ofmatrix4x4.h(326): warning C4267: 'argument': conversion from 'size_t' to 'int', possible loss of data (compiling source file src\main.cpp)
c:\users\andris\documents\of_v0.10.0_vs2017_release\libs\openframeworks\math\ofmatrix4x4.h(331): warning C4267: 'argument': conversion from 'size_t' to 'int', possible loss of data (compiling source file src\main.cpp)
c:\users\andris\documents\of_v0.10.0_vs2017_release\libs\openframeworks\math\ofmatrix4x4.h(912): warning C4267: 'argument': conversion from 'size_t' to 'int', possible loss of data (compiling source file src\main.cpp)
c:\users\andris\documents\of_v0.10.0_vs2017_release\libs\openframeworks\math\ofmatrix4x4.h(913): warning C4267: 'argument': conversion from 'size_t' to 'int', possible loss of data (compiling source file src\main.cpp)
c:\users\andris\documents\of_v0.10.0_vs2017_release\libs\openframeworks\math\ofmatrix4x4.h(914): warning C4267: 'argument': conversion from 'size_t' to 'int', possible loss of data (compiling source file src\main.cpp)
c:\users\andris\documents\of_v0.10.0_vs2017_release\libs\openframeworks\math\ofmatrix4x4.h(915): warning C4267: 'argument': conversion from 'size_t' to 'int', possible loss of data (compiling source file src\main.cpp)
     Creating library bin\GrassbladeRelativity_debug.lib and object bin\GrassbladeRelativity_debug.exp
  GrassbladeRelativity.vcxproj -> C:\Users\andris\source\repos\GrassbladeRelativity\GrassbladeRelativity\bin\GrassbladeRelativity_debug.exe
  
  	                   2	C:\Users\andris\Documents\of_v0.10.0_vs2017_release\libs\fmodex\lib\vs\x64\
  	  *EXTRA File 		 1266176	C:\Users\andris\source\repos\GrassbladeRelativity\GrassbladeRelativity\bin\fmodex.dll
  	  *EXTRA File 		 1312768	C:\Users\andris\source\repos\GrassbladeRelativity\GrassbladeRelativity\bin\fmodexL.dll
  	  *EXTRA File 		 6402560	C:\Users\andris\source\repos\GrassbladeRelativity\GrassbladeRelativity\bin\FreeImage.dll
  
  	                   1	C:\Users\andris\Documents\of_v0.10.0_vs2017_release\libs\FreeImage\lib\vs\x64\
  	  *EXTRA File 		 1266176	C:\Users\andris\source\repos\GrassbladeRelativity\GrassbladeRelativity\bin\fmodex.dll
  	  *EXTRA File 		 1503232	C:\Users\andris\source\repos\GrassbladeRelativity\GrassbladeRelativity\bin\fmodex64.dll
  	  *EXTRA File 		 1312768	C:\Users\andris\source\repos\GrassbladeRelativity\GrassbladeRelativity\bin\fmodexL.dll
  	  *EXTRA File 		 1552384	C:\Users\andris\source\repos\GrassbladeRelativity\GrassbladeRelativity\bin\fmodexL64.dll
