  main.cpp
  ofApp.cpp
c:\users\andris\documents\of_v0.10.0_vs2017_release\libs\openframeworks\math\ofmatrix4x4.h(326): warning C4267: 'argument': conversion from 'size_t' to 'int', possible loss of data (compiling source file src\ofApp.cpp)
c:\users\andris\documents\of_v0.10.0_vs2017_release\libs\openframeworks\math\ofmatrix4x4.h(331): warning C4267: 'argument': conversion from 'size_t' to 'int', possible loss of data (compiling source file src\ofApp.cpp)
c:\users\andris\documents\of_v0.10.0_vs2017_release\libs\openframeworks\math\ofmatrix4x4.h(912): warning C4267: 'argument': conversion from 'size_t' to 'int', possible loss of data (compiling source file src\ofApp.cpp)
c:\users\andris\documents\of_v0.10.0_vs2017_release\libs\openframeworks\math\ofmatrix4x4.h(913): warning C4267: 'argument': conversion from 'size_t' to 'int', possible loss of data (compiling source file src\ofApp.cpp)
c:\users\andris\documents\of_v0.10.0_vs2017_release\libs\openframeworks\math\ofmatrix4x4.h(914): warning C4267: 'argument': conversion from 'size_t' to 'int', possible loss of data (compiling source file src\ofApp.cpp)
c:\users\andris\documents\of_v0.10.0_vs2017_release\libs\openframeworks\math\ofmatrix4x4.h(915): warning C4267: 'argument': conversion from 'size_t' to 'int', possible loss of data (compiling source file src\ofApp.cpp)
c:\users\andris\documents\of_v0.10.0_vs2017_release\libs\openframeworks\math\ofmatrix4x4.h(326): warning C4267: 'argument': conversion from 'size_t' to 'int', possible loss of data (compiling source file src\main.cpp)
c:\users\andris\documents\of_v0.10.0_vs2017_release\libs\openframeworks\math\ofmatrix4x4.h(331): warning C4267: 'argument': conversion from 'size_t' to 'int', possible loss of data (compiling source file src\main.cpp)
c:\users\andris\documents\of_v0.10.0_vs2017_release\libs\openframeworks\math\ofmatrix4x4.h(912): warning C4267: 'argument': conversion from 'size_t' to 'int', possible loss of data (compiling source file src\main.cpp)
c:\users\andris\documents\of_v0.10.0_vs2017_release\libs\openframeworks\math\ofmatrix4x4.h(913): warning C4267: 'argument': conversion from 'size_t' to 'int', possible loss of data (compiling source file src\main.cpp)
c:\users\andris\documents\of_v0.10.0_vs2017_release\libs\openframeworks\math\ofmatrix4x4.h(914): warning C4267: 'argument': conversion from 'size_t' to 'int', possible loss of data (compiling source file src\main.cpp)
c:\users\andris\documents\of_v0.10.0_vs2017_release\libs\openframeworks\math\ofmatrix4x4.h(915): warning C4267: 'argument': conversion from 'size_t' to 'int', possible loss of data (compiling source file src\main.cpp)
  openFrameworksApp11.vcxproj -> C:\Users\andris\source\repos\openFrameworksApp11\openFrameworksApp11\bin\openFrameworksApp11_debug.exe
  
  	                   2	C:\Users\andris\Documents\of_v0.10.0_vs2017_release\libs\fmodex\lib\vs\x64\
  	  *EXTRA File 		 1266176	C:\Users\andris\source\repos\openFrameworksApp11\openFrameworksApp11\bin\fmodex.dll
  	  *EXTRA File 		 1312768	C:\Users\andris\source\repos\openFrameworksApp11\openFrameworksApp11\bin\fmodexL.dll
  	  *EXTRA File 		 6402560	C:\Users\andris\source\repos\openFrameworksApp11\openFrameworksApp11\bin\FreeImage.dll
  
  	                   1	C:\Users\andris\Documents\of_v0.10.0_vs2017_release\libs\FreeImage\lib\vs\x64\
  	  *EXTRA File 		 1266176	C:\Users\andris\source\repos\openFrameworksApp11\openFrameworksApp11\bin\fmodex.dll
  	  *EXTRA File 		 1503232	C:\Users\andris\source\repos\openFrameworksApp11\openFrameworksApp11\bin\fmodex64.dll
  	  *EXTRA File 		 1312768	C:\Users\andris\source\repos\openFrameworksApp11\openFrameworksApp11\bin\fmodexL.dll
  	  *EXTRA File 		 1552384	C:\Users\andris\source\repos\openFrameworksApp11\openFrameworksApp11\bin\fmodexL64.dll
