c:\users\andris\source\repos\openframeworksapp11\openframeworksapp11\obj\debug\imgui_widgets.obj
c:\users\andris\source\repos\openframeworksapp11\openframeworksapp11\obj\debug\ofximguiloggerchannel.obj
c:\users\andris\source\repos\openframeworksapp11\openframeworksapp11\obj\debug\basetheme.obj
c:\users\andris\source\repos\openframeworksapp11\openframeworksapp11\obj\debug\ofapp.obj
c:\users\andris\source\repos\openframeworksapp11\openframeworksapp11\obj\debug\imgui.obj
c:\users\andris\source\repos\openframeworksapp11\openframeworksapp11\obj\debug\main.obj
c:\users\andris\source\repos\openframeworksapp11\openframeworksapp11\obj\debug\baseengine.obj
c:\users\andris\source\repos\openframeworksapp11\openframeworksapp11\obj\debug\imgui_draw.obj
c:\users\andris\source\repos\openframeworksapp11\openframeworksapp11\obj\debug\helpers.obj
c:\users\andris\source\repos\openframeworksapp11\openframeworksapp11\obj\debug\imgui_demo.obj
c:\users\andris\source\repos\openframeworksapp11\openframeworksapp11\obj\debug\gui.obj
c:\users\andris\source\repos\openframeworksapp11\openframeworksapp11\obj\debug\engineglfw.obj
c:\users\andris\source\repos\openframeworksapp11\openframeworksapp11\obj\debug\engineopengles.obj
c:\users\andris\source\repos\openframeworksapp11\openframeworksapp11\obj\debug\enginevk.obj
c:\users\andris\source\repos\openframeworksapp11\openframeworksapp11\obj\debug\im2d.obj
c:\users\andris\source\repos\openframeworksapp11\openframeworksapp11\bin\openframeworksapp11_debug.exe
c:\users\andris\source\repos\openframeworksapp11\openframeworksapp11\bin\openframeworksapp11_debug.ilk
c:\users\andris\source\repos\openframeworksapp11\openframeworksapp11\bin\openframeworksapp11_debug.pdb
c:\users\andris\source\repos\openframeworksapp11\openframeworksapp11\bin\openframeworksapp11_debug.lib
c:\users\andris\source\repos\openframeworksapp11\openframeworksapp11\bin\openframeworksapp11_debug.exp
c:\users\andris\source\repos\openframeworksapp11\openframeworksapp11\obj\debug\icon.res
c:\users\andris\source\repos\openframeworksapp11\openframeworksapp11\obj\debug\vc141.pdb
c:\users\andris\source\repos\openframeworksapp11\openframeworksapp11\obj\debug\openfram.7fd42df7.tlog\cl.command.1.tlog
c:\users\andris\source\repos\openframeworksapp11\openframeworksapp11\obj\debug\openfram.7fd42df7.tlog\cl.read.1.tlog
c:\users\andris\source\repos\openframeworksapp11\openframeworksapp11\obj\debug\openfram.7fd42df7.tlog\cl.write.1.tlog
c:\users\andris\source\repos\openframeworksapp11\openframeworksapp11\obj\debug\openfram.7fd42df7.tlog\link.command.1.tlog
c:\users\andris\source\repos\openframeworksapp11\openframeworksapp11\obj\debug\openfram.7fd42df7.tlog\link.delete.1.tlog
c:\users\andris\source\repos\openframeworksapp11\openframeworksapp11\obj\debug\openfram.7fd42df7.tlog\link.read.1.tlog
c:\users\andris\source\repos\openframeworksapp11\openframeworksapp11\obj\debug\openfram.7fd42df7.tlog\link.write.1.tlog
c:\users\andris\source\repos\openframeworksapp11\openframeworksapp11\obj\debug\openfram.7fd42df7.tlog\openframeworksapp11.write.1u.tlog
c:\users\andris\source\repos\openframeworksapp11\openframeworksapp11\obj\debug\openfram.7fd42df7.tlog\rc.command.1.tlog
c:\users\andris\source\repos\openframeworksapp11\openframeworksapp11\obj\debug\openfram.7fd42df7.tlog\rc.read.1.tlog
c:\users\andris\source\repos\openframeworksapp11\openframeworksapp11\obj\debug\openfram.7fd42df7.tlog\rc.write.1.tlog
